23:52:02: Creating resource group General
23:52:02: Creating resource group Internal
23:52:02: Creating resource group Autodetect
23:52:02: SceneManagerFactory for type 'DefaultSceneManager' registered.
23:52:02: Registering ResourceManager for type Material
23:52:02: Registering ResourceManager for type Mesh
23:52:02: Registering ResourceManager for type Skeleton
23:52:02: MovableObjectFactory for type 'ParticleSystem' registered.
23:52:02: OverlayElementFactory for type Panel registered.
23:52:02: OverlayElementFactory for type BorderPanel registered.
23:52:02: OverlayElementFactory for type TextArea registered.
23:52:02: Registering ResourceManager for type Font
23:52:02: ArchiveFactory for archive type FileSystem registered.
23:52:02: ArchiveFactory for archive type Zip registered.
23:52:02: ArchiveFactory for archive type EmbeddedZip registered.
23:52:02: DDS codec registering
23:52:02: FreeImage version: 3.15.1
23:52:02: This program uses FreeImage, a free, open source image library supporting all common bitmap formats. See http://freeimage.sourceforge.net for details
23:52:02: Supported formats: bmp,ico,jpg,jif,jpeg,jpe,jng,koa,iff,lbm,mng,pbm,pbm,pcd,pcx,pgm,pgm,png,ppm,ppm,ras,tga,targa,tif,tiff,wap,wbmp,wbm,psd,cut,xbm,xpm,gif,hdr,g3,sgi,exr,j2k,j2c,jp2,pfm,pct,pict,pic,3fr,arw,bay,bmq,cap,cine,cr2,crw,cs1,dc2,dcr,drf,dsc,dng,erf,fff,ia,iiq,k25,kc2,kdc,mdc,mef,mos,mrw,nef,nrw,orf,pef,ptx,pxn,qtk,raf,raw,rdc,rw2,rwl,rwz,sr2,srf,sti
23:52:02: Registering ResourceManager for type HighLevelGpuProgram
23:52:02: Registering ResourceManager for type Compositor
23:52:02: MovableObjectFactory for type 'Entity' registered.
23:52:02: MovableObjectFactory for type 'Light' registered.
23:52:02: MovableObjectFactory for type 'BillboardSet' registered.
23:52:02: MovableObjectFactory for type 'ManualObject' registered.
23:52:02: MovableObjectFactory for type 'BillboardChain' registered.
23:52:02: MovableObjectFactory for type 'RibbonTrail' registered.
23:52:02: Loading library /usr/lib/x86_64-linux-gnu/OGRE-1.8.0/RenderSystem_GL
23:52:02: Installing plugin: GL RenderSystem
23:52:02: OpenGL Rendering Subsystem created.
23:52:02: Plugin successfully installed
23:52:02: *-*-* OGRE Initialising
23:52:02: *-*-* Version 1.8.0 (Byatis)
23:52:02: CPU Identifier & Features
23:52:02: -------------------------
23:52:02:  *   CPU ID: GenuineIntel: Intel(R) Core(TM)2 Duo CPU     P7350  @ 2.00GHz
23:52:02:  *      SSE: yes
23:52:02:  *     SSE2: yes
23:52:02:  *     SSE3: yes
23:52:02:  *      MMX: yes
23:52:02:  *   MMXEXT: yes
23:52:02:  *    3DNOW: no
23:52:02:  * 3DNOWEXT: no
23:52:02:  *     CMOV: yes
23:52:02:  *      TSC: yes
23:52:02:  *      FPU: yes
23:52:02:  *      PRO: yes
23:52:02:  *       HT: no
23:52:02: -------------------------
23:52:02: ******************************
*** Starting GLX Subsystem ***
******************************
23:52:02: Registering ResourceManager for type Texture
23:52:02: GLRenderSystem::_createRenderWindow "Star Attack", 1024x768 windowed  miscParams: FSAA=0 displayFrequency=60 Hz gamma=No vsync=No 
23:52:02: OGRE EXCEPTION(6:FileNotFoundException): Cannot locate resource GLX_icon.png in resource group General or any other group. in ResourceGroupManager::openResource at /build/buildd/ogre-1.8-1.8.0/OgreMain/src/OgreResourceGroupManager.cpp (line 756)
23:52:02: GLXWindow::create used FBConfigID = 106
23:52:02: GL_VERSION = 2.1 Mesa 9.0.2
23:52:02: GL_VENDOR = Intel Open Source Technology Center
23:52:02: GL_RENDERER = Mesa DRI Mobile Intel® GM45 Express Chipset 
23:52:02: GL_EXTENSIONS = GL_ARB_multisample GL_EXT_abgr GL_EXT_bgra GL_EXT_blend_color GL_EXT_blend_minmax GL_EXT_blend_subtract GL_EXT_copy_texture GL_EXT_polygon_offset GL_EXT_subtexture GL_EXT_texture_object GL_EXT_vertex_array GL_EXT_compiled_vertex_array GL_EXT_texture GL_EXT_texture3D GL_IBM_rasterpos_clip GL_ARB_point_parameters GL_EXT_draw_range_elements GL_EXT_packed_pixels GL_EXT_point_parameters GL_EXT_rescale_normal GL_EXT_separate_specular_color GL_EXT_texture_edge_clamp GL_SGIS_generate_mipmap GL_SGIS_texture_border_clamp GL_SGIS_texture_edge_clamp GL_SGIS_texture_lod GL_ARB_framebuffer_sRGB GL_ARB_multitexture GL_EXT_framebuffer_sRGB GL_IBM_multimode_draw_arrays GL_IBM_texture_mirrored_repeat GL_3DFX_texture_compression_FXT1 GL_ARB_texture_cube_map GL_ARB_texture_env_add GL_ARB_transpose_matrix GL_EXT_blend_func_separate GL_EXT_fog_coord GL_EXT_multi_draw_arrays GL_EXT_secondary_color GL_EXT_texture_env_add GL_EXT_texture_filter_anisotropic GL_EXT_texture_lod_bias GL_INGR_blend_func_separate GL_NV_blend_square GL_NV_light_max_exponent GL_NV_texgen_reflection GL_NV_texture_env_combine4 GL_S3_s3tc GL_SUN_multi_draw_arrays GL_ARB_texture_border_clamp GL_ARB_texture_compression GL_EXT_framebuffer_object GL_EXT_texture_compression_s3tc GL_EXT_texture_env_combine GL_EXT_texture_env_dot3 GL_MESA_window_pos GL_NV_packed_depth_stencil GL_NV_texture_rectangle GL_NV_vertex_program GL_ARB_depth_texture GL_ARB_occlusion_query GL_ARB_shadow GL_ARB_texture_env_combine GL_ARB_texture_env_crossbar GL_ARB_texture_env_dot3 GL_ARB_texture_mirrored_repeat GL_ARB_window_pos GL_ATI_envmap_bumpmap GL_EXT_stencil_two_side GL_EXT_texture_cube_map GL_NV_depth_clamp GL_NV_vertex_program1_1 GL_APPLE_packed_pixels GL_APPLE_vertex_array_object GL_ARB_draw_buffers GL_ARB_fragment_program GL_ARB_fragment_shader GL_ARB_shader_objects GL_ARB_vertex_program GL_ARB_vertex_shader GL_ATI_draw_buffers GL_ATI_texture_env_combine3 GL_ATI_texture_float GL_EXT_shadow_funcs GL_EXT_stencil_wrap GL_MESA_pack_invert GL_MESA_ycbcr_texture GL_NV_primitive_restart GL_ARB_depth_clamp GL_ARB_fragment_program_shadow GL_ARB_half_float_pixel GL_ARB_occlusion_query2 GL_ARB_point_sprite GL_ARB_shading_language_100 GL_ARB_sync GL_ARB_texture_non_power_of_two GL_ARB_vertex_buffer_object GL_ATI_blend_equation_separate GL_EXT_blend_equation_separate GL_OES_read_format GL_ARB_color_buffer_float GL_ARB_pixel_buffer_object GL_ARB_texture_compression_rgtc GL_ARB_texture_float GL_ARB_texture_rectangle GL_EXT_packed_float GL_EXT_pixel_buffer_object GL_EXT_texture_compression_dxt1 GL_EXT_texture_compression_rgtc GL_EXT_texture_rectangle GL_EXT_texture_sRGB GL_EXT_texture_shared_exponent GL_ARB_framebuffer_object GL_EXT_framebuffer_blit GL_EXT_framebuffer_multisample GL_EXT_packed_depth_stencil GL_APPLE_object_purgeable GL_ARB_vertex_array_object GL_ATI_separate_stencil GL_EXT_draw_buffers2 GL_EXT_draw_instanced GL_EXT_gpu_program_parameters GL_EXT_texture_array GL_EXT_texture_integer GL_EXT_texture_sRGB_decode GL_OES_EGL_image GL_MESA_texture_array GL_ARB_copy_buffer GL_ARB_depth_buffer_float GL_ARB_draw_instanced GL_ARB_half_float_vertex GL_ARB_instanced_arrays GL_ARB_map_buffer_range GL_ARB_texture_rg GL_ARB_texture_swizzle GL_ARB_vertex_array_bgra GL_EXT_separate_shader_objects GL_EXT_texture_swizzle GL_EXT_vertex_array_bgra GL_NV_conditional_render GL_ARB_ES2_compatibility GL_ARB_debug_output GL_ARB_draw_elements_base_vertex GL_ARB_explicit_attrib_location GL_ARB_fragment_coord_conventions GL_ARB_provoking_vertex GL_ARB_sampler_objects GL_ARB_seamless_cube_map GL_ARB_shader_texture_lod GL_ARB_texture_rgb10_a2ui GL_EXT_provoking_vertex GL_EXT_texture_snorm GL_MESA_texture_signed_rgba GL_ARB_robustness GL_ARB_shader_bit_encoding GL_ARB_texture_storage GL_ARB_invalidate_subdata 
23:52:02: Supported GLX extensions: GLX_ARB_create_context GLX_ARB_create_context_profile GLX_ARB_get_proc_address GLX_ARB_multisample GLX_EXT_import_context GLX_EXT_visual_info GLX_EXT_visual_rating GLX_EXT_create_context_es2_profile GLX_MESA_copy_sub_buffer GLX_MESA_multithread_makecurrent GLX_MESA_swap_control GLX_OML_swap_method GLX_OML_sync_control GLX_SGI_make_current_read GLX_SGI_swap_control GLX_SGI_video_sync GLX_SGIS_multisample GLX_SGIX_fbconfig GLX_SGIX_pbuffer GLX_SGIX_visual_select_group GLX_EXT_texture_from_pixmap GLX_INTEL_swap_event 
23:52:02: ***************************
23:52:02: *** GL Renderer Started ***
23:52:02: ***************************
23:52:02: Registering ResourceManager for type GpuProgram
23:52:02: GLSL support detected
23:52:02: GL: Using GL_EXT_framebuffer_object for rendering to textures (best)
23:52:02: FBO PF_UNKNOWN depth/stencil support: D0S1 D0S4 D0S8 D0S16 D16S0 D24S0 D32S0 Packed-D24S8 
23:52:02: FBO PF_A8 depth/stencil support: D0S0 D0S1 D0S4 D0S8 D0S16 D16S0 D24S0 D32S0 Packed-D24S8 
23:52:02: FBO PF_R5G6B5 depth/stencil support: D0S0 D0S1 D0S4 D0S8 D0S16 D16S0 D24S0 D32S0 Packed-D24S8 
23:52:02: FBO PF_B5G6R5 depth/stencil support: D0S0 D0S1 D0S4 D0S8 D0S16 D16S0 D24S0 D32S0 Packed-D24S8 
23:52:02: FBO PF_A4R4G4B4 depth/stencil support: D0S0 D0S1 D0S4 D0S8 D0S16 D16S0 D24S0 D32S0 Packed-D24S8 
23:52:02: FBO PF_A1R5G5B5 depth/stencil support: D0S0 D0S1 D0S4 D0S8 D0S16 D16S0 D24S0 D32S0 Packed-D24S8 
23:52:02: FBO PF_R8G8B8 depth/stencil support: D0S0 D0S1 D0S4 D0S8 D0S16 D16S0 D24S0 D32S0 Packed-D24S8 
23:52:02: FBO PF_B8G8R8 depth/stencil support: D0S0 D0S1 D0S4 D0S8 D0S16 D16S0 D24S0 D32S0 Packed-D24S8 
23:52:02: FBO PF_A8R8G8B8 depth/stencil support: D0S0 D0S1 D0S4 D0S8 D0S16 D16S0 D24S0 D32S0 Packed-D24S8 
23:52:02: FBO PF_B8G8R8A8 depth/stencil support: D0S0 D0S1 D0S4 D0S8 D0S16 D16S0 D24S0 D32S0 Packed-D24S8 
23:52:02: FBO PF_A2R10G10B10 depth/stencil support: D0S0 D0S1 D0S4 D0S8 D0S16 D16S0 D24S0 D32S0 Packed-D24S8 
23:52:02: FBO PF_A2B10G10R10 depth/stencil support: D0S0 D0S1 D0S4 D0S8 D0S16 D16S0 D24S0 D32S0 Packed-D24S8 
23:52:02: FBO PF_FLOAT16_RGB depth/stencil support: D0S0 D0S1 D0S4 D0S8 D0S16 D16S0 D24S0 D32S0 Packed-D24S8 
23:52:02: FBO PF_FLOAT16_RGBA depth/stencil support: D0S0 D0S1 D0S4 D0S8 D0S16 D16S0 D24S0 D32S0 Packed-D24S8 
23:52:02: FBO PF_FLOAT32_RGB depth/stencil support: D0S0 D0S1 D0S4 D0S8 D0S16 D16S0 D24S0 D32S0 Packed-D24S8 
23:52:02: FBO PF_FLOAT32_RGBA depth/stencil support: D0S0 D0S1 D0S4 D0S8 D0S16 D16S0 D24S0 D32S0 Packed-D24S8 
23:52:02: FBO PF_X8R8G8B8 depth/stencil support: D0S0 D0S1 D0S4 D0S8 D0S16 D16S0 D24S0 D32S0 Packed-D24S8 
23:52:02: FBO PF_X8B8G8R8 depth/stencil support: D0S0 D0S1 D0S4 D0S8 D0S16 D16S0 D24S0 D32S0 Packed-D24S8 
23:52:02: FBO PF_SHORT_RGBA depth/stencil support: D0S0 D0S1 D0S4 D0S8 D0S16 D16S0 D24S0 D32S0 Packed-D24S8 
23:52:02: FBO PF_R3G3B2 depth/stencil support: D0S0 D0S1 D0S4 D0S8 D0S16 D16S0 D24S0 D32S0 Packed-D24S8 
23:52:02: FBO PF_FLOAT16_R depth/stencil support: D0S0 D0S1 D0S4 D0S8 D0S16 D16S0 D24S0 D32S0 Packed-D24S8 
23:52:02: FBO PF_FLOAT32_R depth/stencil support: D0S0 D0S1 D0S4 D0S8 D0S16 D16S0 D24S0 D32S0 Packed-D24S8 
23:52:02: FBO PF_SHORT_RGB depth/stencil support: D0S0 D0S1 D0S4 D0S8 D0S16 D16S0 D24S0 D32S0 Packed-D24S8 
23:52:02: [GL] : Valid FBO targets PF_UNKNOWN PF_A8 PF_R5G6B5 PF_B5G6R5 PF_A4R4G4B4 PF_A1R5G5B5 PF_R8G8B8 PF_B8G8R8 PF_A8R8G8B8 PF_B8G8R8A8 PF_A2R10G10B10 PF_A2B10G10R10 PF_FLOAT16_RGB PF_FLOAT16_RGBA PF_FLOAT32_RGB PF_FLOAT32_RGBA PF_X8R8G8B8 PF_X8B8G8R8 PF_SHORT_RGBA PF_R3G3B2 PF_FLOAT16_R PF_FLOAT32_R PF_SHORT_RGB 
23:52:02: RenderSystem capabilities
23:52:02: -------------------------
23:52:02: RenderSystem Name: OpenGL Rendering Subsystem
23:52:02: GPU Vendor: intel
23:52:02: Device Name: Mesa DRI Mobile Intel® GM45 Express Chipset 
23:52:02: Driver Version: 2.1.0.0
23:52:02:  * Fixed function pipeline: yes
23:52:02:  * Hardware generation of mipmaps: no
23:52:02:  * Texture blending: yes
23:52:02:  * Anisotropic texture filtering: yes
23:52:02:  * Dot product texture operation: yes
23:52:02:  * Cube mapping: yes
23:52:02:  * Hardware stencil buffer: yes
23:52:02:    - Stencil depth: 8
23:52:02:    - Two sided stencil support: yes
23:52:02:    - Wrap stencil values: yes
23:52:02:  * Hardware vertex / index buffers: yes
23:52:02:  * Vertex programs: yes
23:52:02:  * Number of floating-point constants for vertex programs: 4096
23:52:02:  * Number of integer constants for vertex programs: 0
23:52:02:  * Number of boolean constants for vertex programs: 0
23:52:02:  * Fragment programs: yes
23:52:02:  * Number of floating-point constants for fragment programs: 4096
23:52:02:  * Number of integer constants for fragment programs: 0
23:52:02:  * Number of boolean constants for fragment programs: 0
23:52:02:  * Geometry programs: no
23:52:02:  * Number of floating-point constants for geometry programs: 0
23:52:02:  * Number of integer constants for geometry programs: 0
23:52:02:  * Number of boolean constants for geometry programs: 0
23:52:02:  * Supported Shader Profiles: arbfp1 arbvp1 glsl
23:52:02:  * Texture Compression: yes
23:52:02:    - DXT: yes
23:52:02:    - VTC: no
23:52:02:    - PVRTC: no
23:52:02:  * Scissor Rectangle: yes
23:52:02:  * Hardware Occlusion Query: yes
23:52:02:  * User clip planes: yes
23:52:02:  * VET_UBYTE4 vertex element type: yes
23:52:02:  * Infinite far plane projection: yes
23:52:02:  * Hardware render-to-texture: yes
23:52:02:  * Floating point textures: yes
23:52:02:  * Non-power-of-two textures: yes
23:52:02:  * Volume textures: yes
23:52:02:  * Multiple Render Targets: 8
23:52:02:    - With different bit depths: yes
23:52:02:  * Point Sprites: yes
23:52:02:  * Extended point parameters: yes
23:52:02:  * Max Point Size: 255
23:52:02:  * Vertex texture fetch: yes
23:52:02:  * Number of world matrices: 0
23:52:02:  * Number of texture units: 16
23:52:02:  * Stencil buffer depth: 8
23:52:02:  * Number of vertex blend matrices: 0
23:52:02:    - Max vertex textures: 16
23:52:02:    - Vertex textures shared: yes
23:52:02:  * Render to Vertex Buffer : no
23:52:02:  * GL 1.5 without VBO workaround: no
23:52:02:  * Frame Buffer objects: yes
23:52:02:  * Frame Buffer objects (ARB extension): no
23:52:02:  * Frame Buffer objects (ATI extension): no
23:52:02:  * PBuffer support: yes
23:52:02:  * GL 1.5 without HW-occlusion workaround: no
23:52:02:  * Separate shader objects: no
23:52:02: DefaultWorkQueue('Root') initialising on thread 0x1b8aeb0.
23:52:02: DefaultWorkQueue('Root')::WorkerFunc - thread 0x1ba9530 starting.
23:52:02: Particle Renderer Type 'billboard' registered
23:52:02: DefaultWorkQueue('Root')::WorkerFunc - thread 0x1dd2a50 starting.
23:52:02: Creating resource group Bootstrap
23:52:02: Added resource location 'media/SdkTrays.zip' of type 'Zip' to resource group 'Bootstrap'
23:52:02: Added resource location 'media' of type 'FileSystem' to resource group 'General'
23:52:02: Added resource location 'media/audio' of type 'FileSystem' to resource group 'General'
23:52:02: Added resource location 'media/materials' of type 'FileSystem' to resource group 'General'
23:52:02: Added resource location 'media/materials/scripts' of type 'FileSystem' to resource group 'General'
23:52:02: Added resource location 'media/materials/textures' of type 'FileSystem' to resource group 'General'
23:52:02: Added resource location 'media/models' of type 'FileSystem' to resource group 'General'
23:52:02: Parsing scripts for resource group Autodetect
23:52:02: Finished parsing scripts for resource group Autodetect
23:52:02: Creating resources for group Autodetect
23:52:02: All done
23:52:02: Parsing scripts for resource group Bootstrap
23:52:02: Parsing script SdkTrays.material
23:52:02: Parsing script SdkTrays.fontdef
23:52:02: Parsing script SdkTrays.overlay
23:52:02: Bad element attribute line: '# you can offset the image to change the cursor "hotspot"' for element SdkTrays/Cursor in overlay 
23:52:02: Texture: sdk_cursor.png: Loading 1 faces(PF_A8R8G8B8,32x32x1) with 5 generated mipmaps from Image. Internal format is PF_A8R8G8B8,32x32x1.
23:52:02: Texture: sdk_tray.png: Loading 1 faces(PF_A8R8G8B8,64x64x1) with 5 generated mipmaps from Image. Internal format is PF_A8R8G8B8,64x64x1.
23:52:02: Texture: sdk_button_up.png: Loading 1 faces(PF_A8R8G8B8,128x32x1) with 5 generated mipmaps from Image. Internal format is PF_A8R8G8B8,128x32x1.
23:52:02: Texture: sdk_text_box.png: Loading 1 faces(PF_A8R8G8B8,32x32x1) with 5 generated mipmaps from Image. Internal format is PF_A8R8G8B8,32x32x1.
23:52:02: Texture: sdk_mini_tray.png: Loading 1 faces(PF_A8R8G8B8,32x32x1) with 5 generated mipmaps from Image. Internal format is PF_A8R8G8B8,32x32x1.
23:52:02: Texture: sdk_track.png: Loading 1 faces(PF_A8R8G8B8,16x32x1) with 5 generated mipmaps from Image. Internal format is PF_A8R8G8B8,16x32x1.
23:52:02: Texture: sdk_handle.png: Loading 1 faces(PF_A8R8G8B8,16x16x1) with 4 generated mipmaps from Image. Internal format is PF_A8R8G8B8,16x16x1.
23:52:02: Texture: sdk_mini_text_box.png: Loading 1 faces(PF_A8R8G8B8,32x32x1) with 5 generated mipmaps from Image. Internal format is PF_A8R8G8B8,32x32x1.
23:52:02: Texture: sdk_label.png: Loading 1 faces(PF_A8R8G8B8,32x32x1) with 5 generated mipmaps from Image. Internal format is PF_A8R8G8B8,32x32x1.
23:52:02: Texture: sdk_separator.png: Loading 1 faces(PF_A8R8G8B8,64x16x1) with 5 generated mipmaps from Image. Internal format is PF_A8R8G8B8,64x16x1.
23:52:02: Texture: sdk_logo.png: Loading 1 faces(PF_A8R8G8B8,150x120x1) with 5 generated mipmaps from Image. Internal format is PF_A8R8G8B8,150x120x1.
23:52:02: Texture: sdk_shade.png: Loading 1 faces(PF_A8R8G8B8,64x48x1) with 5 generated mipmaps from Image. Internal format is PF_A8R8G8B8,64x48x1.
23:52:02: Texture: sdk_frame.png: Loading 1 faces(PF_A8R8G8B8,32x32x1) with 5 generated mipmaps from Image. Internal format is PF_A8R8G8B8,32x32x1.
23:52:02: Texture: sdk_mini_text_box_over.png: Loading 1 faces(PF_A8R8G8B8,32x32x1) with 5 generated mipmaps from Image. Internal format is PF_A8R8G8B8,32x32x1.
23:52:02: Texture: sdk_pulse.png: Loading 1 faces(PF_R8G8B8,8x1x1) with 3 generated mipmaps from Image. Internal format is PF_X8R8G8B8,8x1x1.
23:52:02: Finished parsing scripts for resource group Bootstrap
23:52:02: Creating resources for group Bootstrap
23:52:02: All done
23:52:02: Parsing scripts for resource group General
23:52:02: Parsing script Menu.material
23:52:02: Parsing script MaterialMarcianoMuerto.material
23:52:02: Parsing script MaterialTransparente.material
23:52:02: Parsing script MaterialMarciano.material
23:52:02: Parsing script MaterialPlataforma.material
23:52:02: Parsing script MaterialNave1.material
23:52:02: Parsing script MaterialMeteorito.material
23:52:02: Parsing script MaterialEstrella.material
23:52:02: Parsing script Game.material
23:52:02: Parsing script MaterialNave2.material
23:52:02: Parsing script MaterialSuelo.material
23:52:02: Parsing script Blue.fontdef
23:52:02: Parsing script SpaceOut.fontdef
23:52:02: Parsing script Game.overlay
23:52:02: Texture: vidas_3.png: Loading 1 faces(PF_A8R8G8B8,206x83x1) with 5 generated mipmaps from Image. Internal format is PF_A8R8G8B8,206x83x1.
23:52:02: Texture: vidas_2.png: Loading 1 faces(PF_A8R8G8B8,206x83x1) with 5 generated mipmaps from Image. Internal format is PF_A8R8G8B8,206x83x1.
23:52:02: Texture: vidas_1.png: Loading 1 faces(PF_A8R8G8B8,206x83x1) with 5 generated mipmaps from Image. Internal format is PF_A8R8G8B8,206x83x1.
23:52:02: Texture: panel_nivel.png: Loading 1 faces(PF_A8R8G8B8,206x83x1) with 5 generated mipmaps from Image. Internal format is PF_A8R8G8B8,206x83x1.
23:52:02: Texture: panel_tiempo.png: Loading 1 faces(PF_A8R8G8B8,206x83x1) with 5 generated mipmaps from Image. Internal format is PF_A8R8G8B8,206x83x1.
23:52:02: Texture: winner.png: Loading 1 faces(PF_A8R8G8B8,1024x768x1) with 5 generated mipmaps from Image. Internal format is PF_A8R8G8B8,1024x768x1.
23:52:03: Texture: nextlevel.png: Loading 1 faces(PF_A8R8G8B8,1024x768x1) with 5 generated mipmaps from Image. Internal format is PF_A8R8G8B8,1024x768x1.
23:52:03: Texture: gameover.png: Loading 1 faces(PF_A8R8G8B8,1024x768x1) with 5 generated mipmaps from Image. Internal format is PF_A8R8G8B8,1024x768x1.
23:52:03: Parsing script Menu.overlay
23:52:03: Texture: menu_background.png: Loading 1 faces(PF_R8G8B8,1024x512x1) with 5 generated mipmaps from Image. Internal format is PF_X8R8G8B8,1024x512x1.
23:52:03: Texture: panel_transparente.png: Loading 1 faces(PF_A8R8G8B8,512x512x1) with 5 generated mipmaps from Image. Internal format is PF_A8R8G8B8,512x512x1.
23:52:03: Finished parsing scripts for resource group General
23:52:03: Creating resources for group General
23:52:03: All done
23:52:03: Parsing scripts for resource group Internal
23:52:03: Finished parsing scripts for resource group Internal
23:52:03: Creating resources for group Internal
23:52:03: All done
23:52:03: Registering ResourceManager for type Track
23:52:03: Registering ResourceManager for type SoundFX
23:52:03: Star Attack initialized!
23:52:03: Entering MenuState...
23:52:03: Font SdkTrays/Caption using texture size 512x256
23:52:03: Info: Freetype returned null for character 160 in font SdkTrays/Caption
23:52:03: Texture: SdkTrays/CaptionTexture: Loading 1 faces(PF_BYTE_LA,512x256x1) with 0 generated mipmaps from Image. Internal format is PF_BYTE_LA,512x256x1.
23:52:03: Texture: background_stars.png: Loading 1 faces(PF_R8G8B8,1024x512x1) with 5 generated mipmaps from Image. Internal format is PF_X8R8G8B8,1024x512x1.
23:52:03: Texture: nave.png: Loading 1 faces(PF_A8R8G8B8,2048x768x1) with 5 generated mipmaps from Image. Internal format is PF_A8R8G8B8,2048x768x1.
23:52:03: Texture: menu_titulo.png: Loading 1 faces(PF_A8R8G8B8,2048x768x1) with 5 generated mipmaps from Image. Internal format is PF_A8R8G8B8,2048x768x1.
23:52:04: Texture: menu_creditos.png: Loading 1 faces(PF_A8R8G8B8,2048x768x1) with 5 generated mipmaps from Image. Internal format is PF_A8R8G8B8,2048x768x1.
23:52:04: Texture: menu_highscores.png: Loading 1 faces(PF_A8R8G8B8,2048x768x1) with 5 generated mipmaps from Image. Internal format is PF_A8R8G8B8,2048x768x1.
23:52:04: Font SpaceOut using texture size 2048x1024
23:52:04: Info: Freetype returned null for character 35 in font SpaceOut
23:52:04: Info: Freetype returned null for character 36 in font SpaceOut
23:52:04: Info: Freetype returned null for character 37 in font SpaceOut
23:52:04: Info: Freetype returned null for character 40 in font SpaceOut
23:52:04: Info: Freetype returned null for character 41 in font SpaceOut
23:52:04: Info: Freetype returned null for character 47 in font SpaceOut
23:52:04: Info: Freetype returned null for character 60 in font SpaceOut
23:52:04: Info: Freetype returned null for character 61 in font SpaceOut
23:52:04: Info: Freetype returned null for character 62 in font SpaceOut
23:52:04: Info: Freetype returned null for character 64 in font SpaceOut
23:52:04: Info: Freetype returned null for character 91 in font SpaceOut
23:52:04: Info: Freetype returned null for character 92 in font SpaceOut
23:52:04: Info: Freetype returned null for character 93 in font SpaceOut
23:52:04: Info: Freetype returned null for character 94 in font SpaceOut
23:52:04: Info: Freetype returned null for character 95 in font SpaceOut
23:52:04: Info: Freetype returned null for character 96 in font SpaceOut
23:52:04: Info: Freetype returned null for character 160 in font SpaceOut
23:52:04: Info: Freetype returned null for character 161 in font SpaceOut
23:52:04: Info: Freetype returned null for character 162 in font SpaceOut
23:52:04: Info: Freetype returned null for character 163 in font SpaceOut
23:52:04: Texture: SpaceOutTexture: Loading 1 faces(PF_BYTE_LA,2048x1024x1) with 0 generated mipmaps from Image. Internal format is PF_BYTE_LA,2048x1024x1.
23:52:05: Texture: sdk_button_over.png: Loading 1 faces(PF_A8R8G8B8,128x32x1) with 5 generated mipmaps from Image. Internal format is PF_A8R8G8B8,128x32x1.
23:52:06: Texture: sdk_button_down.png: Loading 1 faces(PF_A8R8G8B8,128x32x1) with 5 generated mipmaps from Image. Internal format is PF_A8R8G8B8,128x32x1.
23:52:06: Leaving MenuState...
23:52:06: Entering GameState...
23:52:07: Mesh: Loading Suelo.mesh.
23:52:07: Texture: SUELO_MARTE.png: Loading 1 faces(PF_R8G8B8,842x296x1) with 5 generated mipmaps from Image. Internal format is PF_X8R8G8B8,842x296x1.
23:52:07: Mesh: Loading Abismo.mesh.
23:52:07: Mesh: Loading Carretera.mesh.
23:52:07: Mesh: Loading Marciano.mesh.
23:52:07: Skeleton: Loading Marciano.skeleton
23:52:07: Texture: piel_marciano.png: Loading 1 faces(PF_A8R8G8B8,1024x1024x1) with 5 generated mipmaps from Image. Internal format is PF_A8R8G8B8,1024x1024x1.
23:52:07: WARNING: the mesh 'Marciano.mesh' includes vertices without bone assignments. Those vertices will transform to wrong position when skeletal animation enabled. To eliminate this, assign at least one bone assignment per vertex on your mesh.
23:52:07: Mesh: Loading MarcianoMuerto.mesh.
23:52:07: Mesh: Loading Estrellas.mesh.
23:52:07: Mesh: Loading Plataforma.mesh.
23:52:07: Texture: textura_plataforma.jpg: Loading 1 faces(PF_R8G8B8,1900x1200x1) with 5 generated mipmaps from Image. Internal format is PF_X8R8G8B8,1900x1200x1.
23:52:07: Mesh: Loading Meteorito.mesh.
23:52:07: Texture: METEORITO_COLOREADO.png: Loading 1 faces(PF_A8R8G8B8,1024x1024x1) with 5 generated mipmaps from Image. Internal format is PF_A8R8G8B8,1024x1024x1.
23:52:07: Mesh: Loading Nave1.mesh.
23:52:07: Texture: nave_coloreada.png: Loading 1 faces(PF_A8R8G8B8,1024x1024x1) with 5 generated mipmaps from Image. Internal format is PF_A8R8G8B8,1024x1024x1.
23:52:07: Mesh: Loading Nave2.mesh.
23:52:07: Texture: nave2_coloreada.png: Loading 1 faces(PF_A8R8G8B8,1024x1024x1) with 5 generated mipmaps from Image. Internal format is PF_A8R8G8B8,1024x1024x1.
23:52:07: Texture: spot_shadow_fade.png: Loading 1 faces(PF_R8G8B8,128x128x1) with 5 generated mipmaps from Image. Internal format is PF_X8R8G8B8,128x128x1.
23:52:31: Leaving GameState...
23:52:31: Entering MenuState...
23:52:35: Main loop quit
23:52:35: Leaving MenuState...
23:52:35: Shutdown OGRE...
23:52:35: DefaultWorkQueue('Root') shutting down on thread 0x1b8aeb0.
23:52:35: DefaultWorkQueue('Root')::WorkerFunc - thread 0x1ba9530 stopped.
23:52:35: DefaultWorkQueue('Root')::WorkerFunc - thread 0x1dd2a50 stopped.
23:52:35: *-*-* OGRE Shutdown
23:52:35: Unregistering ResourceManager for type Compositor
23:52:35: Unregistering ResourceManager for type Font
23:52:35: Unregistering ResourceManager for type Skeleton
23:52:35: Unregistering ResourceManager for type Mesh
23:52:35: Unregistering ResourceManager for type HighLevelGpuProgram
23:52:35: Uninstalling plugin: GL RenderSystem
23:52:35: Unregistering ResourceManager for type GpuProgram
23:52:35: ******************************
*** Stopping GLX Subsystem ***
******************************
23:52:35: Unregistering ResourceManager for type Texture
23:52:36: Plugin successfully uninstalled
23:52:36: Unloading library /usr/lib/x86_64-linux-gnu/OGRE-1.8.0/RenderSystem_GL
23:52:36: Unregistering ResourceManager for type Material
