19:41:29: Creating resource group General
19:41:29: Creating resource group Internal
19:41:29: Creating resource group Autodetect
19:41:29: SceneManagerFactory for type 'DefaultSceneManager' registered.
19:41:29: Registering ResourceManager for type Material
19:41:29: Registering ResourceManager for type Mesh
19:41:29: Registering ResourceManager for type Skeleton
19:41:29: MovableObjectFactory for type 'ParticleSystem' registered.
19:41:29: OverlayElementFactory for type Panel registered.
19:41:29: OverlayElementFactory for type BorderPanel registered.
19:41:29: OverlayElementFactory for type TextArea registered.
19:41:29: Registering ResourceManager for type Font
19:41:29: ArchiveFactory for archive type FileSystem registered.
19:41:29: ArchiveFactory for archive type Zip registered.
19:41:29: ArchiveFactory for archive type EmbeddedZip registered.
19:41:29: DDS codec registering
19:41:29: FreeImage version: 3.15.3
19:41:29: This program uses FreeImage, a free, open source image library supporting all common bitmap formats. See http://freeimage.sourceforge.net for details
19:41:29: Supported formats: bmp,ico,jpg,jif,jpeg,jpe,jng,koa,iff,lbm,mng,pbm,pbm,pcd,pcx,pgm,pgm,png,ppm,ppm,ras,tga,targa,tif,tiff,wap,wbmp,wbm,psd,cut,xbm,xpm,gif,hdr,g3,sgi,exr,j2k,j2c,jp2,pfm,pct,pict,pic,3fr,arw,bay,bmq,cap,cine,cr2,crw,cs1,dc2,dcr,drf,dsc,dng,erf,fff,ia,iiq,k25,kc2,kdc,mdc,mef,mos,mrw,nef,nrw,orf,pef,ptx,pxn,qtk,raf,raw,rdc,rw2,rwl,rwz,sr2,srf,srw,sti
19:41:29: Registering ResourceManager for type HighLevelGpuProgram
19:41:29: Registering ResourceManager for type Compositor
19:41:29: MovableObjectFactory for type 'Entity' registered.
19:41:29: MovableObjectFactory for type 'Light' registered.
19:41:29: MovableObjectFactory for type 'BillboardSet' registered.
19:41:29: MovableObjectFactory for type 'ManualObject' registered.
19:41:29: MovableObjectFactory for type 'BillboardChain' registered.
19:41:29: MovableObjectFactory for type 'RibbonTrail' registered.
19:41:29: Loading library .\RenderSystem_Direct3D9
19:41:29: Installing plugin: D3D9 RenderSystem
19:41:29: D3D9 : Direct3D9 Rendering Subsystem created.
19:41:29: D3D9: Driver Detection Starts
19:41:29: D3D9: Driver Detection Ends
19:41:29: Plugin successfully installed
19:41:29: Loading library .\RenderSystem_GL
19:41:29: Installing plugin: GL RenderSystem
19:41:29: OpenGL Rendering Subsystem created.
19:41:29: Plugin successfully installed
19:41:29: Loading library .\Plugin_ParticleFX
19:41:29: Installing plugin: ParticleFX
19:41:29: Particle Emitter Type 'Point' registered
19:41:29: Particle Emitter Type 'Box' registered
19:41:29: Particle Emitter Type 'Ellipsoid' registered
19:41:29: Particle Emitter Type 'Cylinder' registered
19:41:29: Particle Emitter Type 'Ring' registered
19:41:29: Particle Emitter Type 'HollowEllipsoid' registered
19:41:29: Particle Affector Type 'LinearForce' registered
19:41:29: Particle Affector Type 'ColourFader' registered
19:41:29: Particle Affector Type 'ColourFader2' registered
19:41:29: Particle Affector Type 'ColourImage' registered
19:41:29: Particle Affector Type 'ColourInterpolator' registered
19:41:29: Particle Affector Type 'Scaler' registered
19:41:29: Particle Affector Type 'Rotator' registered
19:41:29: Particle Affector Type 'DirectionRandomiser' registered
19:41:29: Particle Affector Type 'DeflectorPlane' registered
19:41:29: Plugin successfully installed
19:41:29: Loading library .\Plugin_BSPSceneManager
19:41:29: Installing plugin: BSP Scene Manager
19:41:29: Plugin successfully installed
19:41:29: Loading library .\Plugin_CgProgramManager
19:41:29: Installing plugin: Cg Program Manager
19:41:29: Plugin successfully installed
19:41:29: Loading library .\Plugin_PCZSceneManager
19:41:29: Installing plugin: Portal Connected Zone Scene Manager
19:41:29: PCZone Factory Type 'ZoneType_Default' registered
19:41:29: Plugin successfully installed
19:41:29: Loading library .\Plugin_OctreeZone
19:41:29: Installing plugin: Octree Zone Factory
19:41:29: Plugin successfully installed
19:41:29: Loading library .\Plugin_OctreeSceneManager
19:41:29: Installing plugin: Octree Scene Manager
19:41:29: Plugin successfully installed
19:41:29: *-*-* OGRE Initialising
19:41:29: *-*-* Version 1.8.1 (Byatis)
19:41:29: CPU Identifier & Features
19:41:29: -------------------------
19:41:29:  *   CPU ID: GenuineIntel: Intel(R) Core(TM)2 Duo CPU     P7350  @ 2.00GHz
19:41:29:  *      SSE: yes
19:41:29:  *     SSE2: yes
19:41:29:  *     SSE3: yes
19:41:29:  *      MMX: yes
19:41:29:  *   MMXEXT: yes
19:41:29:  *    3DNOW: no
19:41:29:  * 3DNOWEXT: no
19:41:29:  *     CMOV: yes
19:41:29:  *      TSC: yes
19:41:29:  *      FPU: yes
19:41:29:  *      PRO: yes
19:41:29:  *       HT: no
19:41:29: -------------------------
19:41:29: *** Starting Win32GL Subsystem ***
19:41:29: Registering ResourceManager for type Texture
19:41:29: GLRenderSystem::_createRenderWindow "Nitro", 1024x768 windowed  miscParams: FSAA=0 FSAAHint= colourDepth=32 displayFrequency=0 gamma=false vsync=false vsyncInterval=1 
19:41:29: Created Win32Window 'Nitro' : 1040x800, 32bpp
19:41:29: GL_VERSION = 2.1.0 - Build 8.15.10.2869
19:41:29: GL_VENDOR = Intel
19:41:29: GL_RENDERER = Mobile Intel(R) 4 Series Express Chipset Family
19:41:29: GL_EXTENSIONS = GL_EXT_blend_minmax GL_EXT_blend_subtract GL_EXT_blend_color GL_EXT_abgr GL_EXT_texture3D GL_EXT_clip_volume_hint GL_EXT_compiled_vertex_array GL_SGIS_texture_edge_clamp GL_SGIS_generate_mipmap GL_EXT_draw_range_elements GL_SGIS_texture_lod GL_EXT_rescale_normal GL_EXT_packed_pixels GL_EXT_texture_edge_clamp GL_EXT_separate_specular_color GL_ARB_multitexture GL_EXT_texture_env_combine GL_EXT_bgra GL_EXT_blend_func_separate GL_EXT_secondary_color GL_EXT_fog_coord GL_EXT_texture_env_add GL_ARB_texture_cube_map GL_ARB_transpose_matrix GL_ARB_texture_env_add GL_IBM_texture_mirrored_repeat GL_EXT_multi_draw_arrays GL_NV_blend_square GL_ARB_texture_compression GL_3DFX_texture_compression_FXT1 GL_EXT_texture_filter_anisotropic GL_ARB_texture_border_clamp GL_ARB_point_parameters GL_ARB_texture_env_combine GL_ARB_texture_env_dot3 GL_ARB_texture_env_crossbar GL_EXT_texture_compression_s3tc GL_ARB_shadow GL_ARB_window_pos GL_EXT_shadow_funcs GL_EXT_stencil_wrap GL_ARB_vertex_program GL_EXT_texture_rectangle GL_ARB_fragment_program GL_EXT_stencil_two_side GL_ATI_separate_stencil GL_ARB_vertex_buffer_object GL_EXT_texture_lod_bias GL_ARB_occlusion_query GL_ARB_fragment_shader GL_ARB_shader_objects GL_ARB_shading_language_100 GL_ARB_texture_non_power_of_two GL_ARB_vertex_shader GL_NV_texgen_reflection GL_ARB_point_sprite GL_EXT_blend_equation_separate GL_ARB_depth_texture GL_ARB_texture_rectangle GL_ARB_draw_buffers GL_ARB_color_buffer_float GL_ARB_half_float_pixel GL_ARB_texture_float GL_ARB_pixel_buffer_object GL_EXT_framebuffer_object GL_ARB_draw_instanced GL_ARB_half_float_vertex GL_EXT_draw_buffers2 GL_WIN_swap_hint GL_EXT_texture_sRGB GL_EXT_packed_float GL_EXT_texture_shared_exponent GL_ARB_texture_rg GL_ARB_texture_compression_rgtc GL_NV_conditional_render GL_EXT_texture_swizzle GL_ARB_framebuffer_sRGB GL_EXT_packed_depth_stencil GL_ARB_depth_buffer_float GL_EXT_transform_feedback GL_EXT_framebuffer_blit GL_ARB_vertex_array_object 
19:41:29: Supported WGL extensions: WGL_EXT_depth_float WGL_ARB_buffer_region WGL_ARB_extensions_string WGL_ARB_make_current_read WGL_ARB_pixel_format WGL_ARB_pbuffer WGL_EXT_extensions_string WGL_EXT_swap_control WGL_ARB_pixel_format_float WGL_ARB_framebuffer_sRGB 
19:41:29: ***************************
19:41:29: *** GL Renderer Started ***
19:41:29: ***************************
19:41:29: Registering ResourceManager for type GpuProgram
19:41:29: GLSL support detected
19:41:29: GL: Using GL_EXT_framebuffer_object for rendering to textures (best)
19:41:29: FBO PF_UNKNOWN depth/stencil support: D0S1 D0S4 D0S8 D0S16 D16S0 D24S0 D32S0 
19:41:30: FBO PF_R5G6B5 depth/stencil support: D0S0 D0S1 D0S4 D0S8 D0S16 D16S0 D24S0 D32S0 
19:41:30: FBO PF_B5G6R5 depth/stencil support: D0S0 D0S1 D0S4 D0S8 D0S16 D16S0 D24S0 D32S0 
19:41:30: FBO PF_R8G8B8 depth/stencil support: D0S0 D0S1 D0S4 D0S8 D0S16 D16S0 D24S0 D32S0 
19:41:30: FBO PF_B8G8R8 depth/stencil support: D0S0 D0S1 D0S4 D0S8 D0S16 D16S0 D24S0 D32S0 
19:41:30: FBO PF_A8R8G8B8 depth/stencil support: D0S0 D0S1 D0S4 D0S8 D0S16 D16S0 D24S0 D32S0 
19:41:30: FBO PF_B8G8R8A8 depth/stencil support: D0S0 D0S1 D0S4 D0S8 D0S16 D16S0 D24S0 D32S0 
19:41:30: FBO PF_A2R10G10B10 depth/stencil support: D0S0 D0S1 D0S4 D0S8 D0S16 D16S0 D24S0 D32S0 
19:41:30: FBO PF_A2B10G10R10 depth/stencil support: D0S0 D0S1 D0S4 D0S8 D0S16 D16S0 D24S0 D32S0 
19:41:30: FBO PF_FLOAT16_RGB depth/stencil support: D0S0 D0S1 D0S4 D0S8 D0S16 D16S0 D24S0 D32S0 
19:41:30: FBO PF_FLOAT16_RGBA depth/stencil support: D0S0 D0S1 D0S4 D0S8 D0S16 D16S0 D24S0 D32S0 
19:41:30: FBO PF_FLOAT32_RGB depth/stencil support: D0S0 D0S1 D0S4 D0S8 D0S16 D16S0 D24S0 D32S0 
19:41:30: FBO PF_FLOAT32_RGBA depth/stencil support: D0S0 D0S1 D0S4 D0S8 D0S16 D16S0 D24S0 D32S0 
19:41:30: FBO PF_X8R8G8B8 depth/stencil support: D0S0 D0S1 D0S4 D0S8 D0S16 D16S0 D24S0 D32S0 
19:41:30: FBO PF_X8B8G8R8 depth/stencil support: D0S0 D0S1 D0S4 D0S8 D0S16 D16S0 D24S0 D32S0 
19:41:30: FBO PF_SHORT_RGBA depth/stencil support: D0S0 D0S1 D0S4 D0S8 D0S16 D16S0 D24S0 D32S0 
19:41:30: FBO PF_R3G3B2 depth/stencil support: D0S0 D0S1 D0S4 D0S8 D0S16 D16S0 D24S0 D32S0 
19:41:30: FBO PF_SHORT_RGB depth/stencil support: D0S0 D0S1 D0S4 D0S8 D0S16 D16S0 D24S0 D32S0 
19:41:30: [GL] : Valid FBO targets PF_UNKNOWN PF_R5G6B5 PF_B5G6R5 PF_R8G8B8 PF_B8G8R8 PF_A8R8G8B8 PF_B8G8R8A8 PF_A2R10G10B10 PF_A2B10G10R10 PF_FLOAT16_RGB PF_FLOAT16_RGBA PF_FLOAT32_RGB PF_FLOAT32_RGBA PF_X8R8G8B8 PF_X8B8G8R8 PF_SHORT_RGBA PF_R3G3B2 PF_SHORT_RGB 
19:41:30: RenderSystem capabilities
19:41:30: -------------------------
19:41:30: RenderSystem Name: OpenGL Rendering Subsystem
19:41:30: GPU Vendor: intel
19:41:30: Device Name: Mobile Intel(R) 4 Series Express Chipset Family
19:41:30: Driver Version: 2.1.0.0
19:41:30:  * Fixed function pipeline: yes
19:41:30:  * Hardware generation of mipmaps: no
19:41:30:  * Texture blending: yes
19:41:30:  * Anisotropic texture filtering: yes
19:41:30:  * Dot product texture operation: yes
19:41:30:  * Cube mapping: yes
19:41:30:  * Hardware stencil buffer: yes
19:41:30:    - Stencil depth: 8
19:41:30:    - Two sided stencil support: yes
19:41:30:    - Wrap stencil values: yes
19:41:30:  * Hardware vertex / index buffers: yes
19:41:30:  * Vertex programs: yes
19:41:30:  * Number of floating-point constants for vertex programs: 256
19:41:30:  * Number of integer constants for vertex programs: 0
19:41:30:  * Number of boolean constants for vertex programs: 0
19:41:30:  * Fragment programs: yes
19:41:30:  * Number of floating-point constants for fragment programs: 256
19:41:30:  * Number of integer constants for fragment programs: 0
19:41:30:  * Number of boolean constants for fragment programs: 0
19:41:30:  * Geometry programs: no
19:41:30:  * Number of floating-point constants for geometry programs: 0
19:41:30:  * Number of integer constants for geometry programs: 0
19:41:30:  * Number of boolean constants for geometry programs: 0
19:41:30:  * Supported Shader Profiles: arbfp1 arbvp1 glsl
19:41:30:  * Texture Compression: yes
19:41:30:    - DXT: yes
19:41:30:    - VTC: no
19:41:30:    - PVRTC: no
19:41:30:  * Scissor Rectangle: yes
19:41:30:  * Hardware Occlusion Query: yes
19:41:30:  * User clip planes: yes
19:41:30:  * VET_UBYTE4 vertex element type: yes
19:41:30:  * Infinite far plane projection: yes
19:41:30:  * Hardware render-to-texture: yes
19:41:30:  * Floating point textures: yes
19:41:30:  * Non-power-of-two textures: yes
19:41:30:  * Volume textures: yes
19:41:30:  * Multiple Render Targets: 8
19:41:30:    - With different bit depths: yes
19:41:30:  * Point Sprites: yes
19:41:30:  * Extended point parameters: yes
19:41:30:  * Max Point Size: 255
19:41:30:  * Vertex texture fetch: yes
19:41:30:  * Number of world matrices: 0
19:41:30:  * Number of texture units: 16
19:41:30:  * Stencil buffer depth: 8
19:41:30:  * Number of vertex blend matrices: 0
19:41:30:    - Max vertex textures: 16
19:41:30:    - Vertex textures shared: yes
19:41:30:  * Render to Vertex Buffer : no
19:41:30:  * GL 1.5 without VBO workaround: no
19:41:30:  * Frame Buffer objects: yes
19:41:30:  * Frame Buffer objects (ARB extension): no
19:41:30:  * Frame Buffer objects (ATI extension): no
19:41:30:  * PBuffer support: yes
19:41:30:  * GL 1.5 without HW-occlusion workaround: no
19:41:30:  * Separate shader objects: no
19:41:30: DefaultWorkQueue('Root') initialising on thread 00992878.
19:41:30: DefaultWorkQueue('Root')::WorkerFunc - thread 057391B8 starting.
19:41:30: Particle Renderer Type 'billboard' registered
19:41:30: DefaultWorkQueue('Root')::WorkerFunc - thread 05739398 starting.
19:41:30: SceneManagerFactory for type 'BspSceneManager' registered.
19:41:30: Registering ResourceManager for type BspLevel
19:41:30: SceneManagerFactory for type 'PCZSceneManager' registered.
19:41:30: MovableObjectFactory for type 'PCZLight' registered.
19:41:30: MovableObjectFactory for type 'Portal' registered.
19:41:30: MovableObjectFactory for type 'AntiPortal' registered.
19:41:30: PCZone Factory Type 'ZoneType_Octree' registered
19:41:30: SceneManagerFactory for type 'OctreeSceneManager' registered.
19:41:30: Creating resource group Bootstrap
19:41:30: Added resource location '../media/SdkTrays.zip' of type 'Zip' to resource group 'Bootstrap'
19:41:30: Added resource location '../media' of type 'FileSystem' to resource group 'General'
19:41:30: Added resource location '../media/audio' of type 'FileSystem' to resource group 'General'
19:41:30: Added resource location '../media/materials' of type 'FileSystem' to resource group 'General'
19:41:30: Added resource location '../media/materials/scripts' of type 'FileSystem' to resource group 'General'
19:41:30: Added resource location '../media/materials/textures' of type 'FileSystem' to resource group 'General'
19:41:30: Added resource location '../media/models' of type 'FileSystem' to resource group 'General'
19:41:30: Parsing scripts for resource group Autodetect
19:41:30: Finished parsing scripts for resource group Autodetect
19:41:30: Creating resources for group Autodetect
19:41:30: All done
19:41:30: Parsing scripts for resource group Bootstrap
19:41:30: Parsing script SdkTrays.material
19:41:30: Parsing script SdkTrays.fontdef
19:41:30: Parsing script SdkTrays.overlay
19:41:30: Bad element attribute line: '# you can offset the image to change the cursor "hotspot"' for element SdkTrays/Cursor in overlay 
19:41:30: Texture: sdk_cursor.gif: Loading 1 faces(PF_A8R8G8B8,50x50x1) with 5 generated mipmaps from Image. Internal format is PF_A8R8G8B8,50x50x1.
19:41:30: Texture: sdk_tray.png: Loading 1 faces(PF_A8R8G8B8,64x64x1) with 5 generated mipmaps from Image. Internal format is PF_A8R8G8B8,64x64x1.
19:41:30: Texture: sdk_button_up.png: Loading 1 faces(PF_A8R8G8B8,128x32x1) with 5 generated mipmaps from Image. Internal format is PF_A8R8G8B8,128x32x1.
19:41:30: Texture: sdk_text_box.png: Loading 1 faces(PF_A8R8G8B8,128x32x1) with 5 generated mipmaps from Image. Internal format is PF_A8R8G8B8,128x32x1.
19:41:30: Texture: sdk_mini_tray.png: Loading 1 faces(PF_A8R8G8B8,128x32x1) with 5 generated mipmaps from Image. Internal format is PF_A8R8G8B8,128x32x1.
19:41:30: Texture: sdk_track.png: Loading 1 faces(PF_A8R8G8B8,128x32x1) with 5 generated mipmaps from Image. Internal format is PF_A8R8G8B8,128x32x1.
19:41:30: Texture: sdk_handle.png: Loading 1 faces(PF_A8R8G8B8,128x32x1) with 5 generated mipmaps from Image. Internal format is PF_A8R8G8B8,128x32x1.
19:41:30: Texture: sdk_mini_text_box.png: Loading 1 faces(PF_A8R8G8B8,128x32x1) with 5 generated mipmaps from Image. Internal format is PF_A8R8G8B8,128x32x1.
19:41:30: Texture: sdk_label.png: Loading 1 faces(PF_A8R8G8B8,128x32x1) with 5 generated mipmaps from Image. Internal format is PF_A8R8G8B8,128x32x1.
19:41:30: Texture: sdk_separator.png: Loading 1 faces(PF_A8R8G8B8,128x32x1) with 5 generated mipmaps from Image. Internal format is PF_A8R8G8B8,128x32x1.
19:41:30: Texture: sdk_logo.png: Loading 1 faces(PF_A8R8G8B8,150x120x1) with 5 generated mipmaps from Image. Internal format is PF_A8R8G8B8,150x120x1.
19:41:30: Texture: sdk_shade.png: Loading 1 faces(PF_A8R8G8B8,64x48x1) with 5 generated mipmaps from Image. Internal format is PF_A8R8G8B8,64x48x1.
19:41:30: Texture: sdk_frame.png: Loading 1 faces(PF_A8R8G8B8,128x32x1) with 5 generated mipmaps from Image. Internal format is PF_A8R8G8B8,128x32x1.
19:41:30: Texture: sdk_mini_text_box_over.png: Loading 1 faces(PF_A8R8G8B8,32x32x1) with 5 generated mipmaps from Image. Internal format is PF_A8R8G8B8,32x32x1.
19:41:30: Texture: sdk_pulse.png: Loading 1 faces(PF_R8G8B8,8x1x1) with 3 generated mipmaps from Image. Internal format is PF_X8R8G8B8,8x1x1.
19:41:30: Finished parsing scripts for resource group Bootstrap
19:41:30: Creating resources for group Bootstrap
19:41:30: All done
19:41:30: Parsing scripts for resource group General
19:41:30: Parsing script chassis.material
19:41:30: Parsing script Ground.material
19:41:30: Parsing script MaterialBlanco.material
19:41:30: Parsing script MaterialRojo.material
19:41:30: Parsing script MaterialTransparente.material
19:41:30: Parsing script Material_Circuito.material
19:41:30: Parsing script Material_Externa.material
19:41:30: Parsing script Material_Interna.material
19:41:30: Parsing script Material_Meta.material
19:41:30: Parsing script Material_Suelo.material
19:41:30: Parsing script nitro.material
19:41:30: Parsing script panel.material
19:41:30: Parsing script pointer.material
19:41:30: Parsing script wheel.material
19:41:30: Parsing script Computerfont.fontdef
19:41:30: Parsing script DustSerif.fontdef
19:41:30: Parsing script HIGHSPEED.fontdef
19:41:30: Parsing script info.overlay
19:41:30: Texture: cursor.png: Loading 1 faces(PF_A8R8G8B8,17x23x1) with 4 generated mipmaps from Image. Internal format is PF_A8R8G8B8,17x23x1.
19:41:30: Parsing script nitro.overlay
19:41:30: Texture: panel_tiempo.png: Loading 1 faces(PF_A8R8G8B8,206x83x1) with 5 generated mipmaps from Image. Internal format is PF_A8R8G8B8,206x83x1.
19:41:30: Texture: titulo.png: Loading 1 faces(PF_A8R8G8B8,306x83x1) with 5 generated mipmaps from Image. Internal format is PF_A8R8G8B8,306x83x1.
19:41:30: Texture: Velocidad_5.png: Loading 1 faces(PF_A8R8G8B8,55x106x1) with 5 generated mipmaps from Image. Internal format is PF_A8R8G8B8,55x106x1.
19:41:30: Texture: Velocidad_4.png: Loading 1 faces(PF_A8R8G8B8,55x106x1) with 5 generated mipmaps from Image. Internal format is PF_A8R8G8B8,55x106x1.
19:41:30: Texture: Velocidad_3.png: Loading 1 faces(PF_A8R8G8B8,55x106x1) with 5 generated mipmaps from Image. Internal format is PF_A8R8G8B8,55x106x1.
19:41:30: Texture: Velocidad_2.png: Loading 1 faces(PF_A8R8G8B8,55x106x1) with 5 generated mipmaps from Image. Internal format is PF_A8R8G8B8,55x106x1.
19:41:30: Texture: Velocidad_1.png: Loading 1 faces(PF_A8R8G8B8,55x106x1) with 5 generated mipmaps from Image. Internal format is PF_A8R8G8B8,55x106x1.
19:41:30: Texture: Velocidad_0.png: Loading 1 faces(PF_A8R8G8B8,55x106x1) with 5 generated mipmaps from Image. Internal format is PF_A8R8G8B8,55x106x1.
19:41:30: Texture: background.png: Loading 1 faces(PF_R8G8B8,1280x1024x1) with 5 generated mipmaps from Image. Internal format is PF_X8R8G8B8,1280x1024x1.
19:41:31: Texture: creditos.png: Loading 1 faces(PF_A8R8G8B8,1024x768x1) with 5 generated mipmaps from Image. Internal format is PF_A8R8G8B8,1024x768x1.
19:41:31: Texture: highscores.png: Loading 1 faces(PF_A8R8G8B8,1024x768x1) with 5 generated mipmaps from Image. Internal format is PF_A8R8G8B8,1024x768x1.
19:41:32: Finished parsing scripts for resource group General
19:41:32: Creating resources for group General
19:41:32: All done
19:41:32: Parsing scripts for resource group Internal
19:41:32: Finished parsing scripts for resource group Internal
19:41:32: Creating resources for group Internal
19:41:32: All done
19:41:32: Initializing SDL ...
19:41:32: SDL Initialization successful.
19:41:32: Registering ResourceManager for type Track
19:41:32: Registering ResourceManager for type SoundFX
19:41:32: Nitro initialized!
19:41:32: Entering MenuState...
19:41:32: Font SdkTrays/Caption using texture size 512x256
19:41:32: Info: Freetype returned null for character 160 in font SdkTrays/Caption
19:41:32: Texture: SdkTrays/CaptionTexture: Loading 1 faces(PF_BYTE_LA,512x256x1) with 0 generated mipmaps from Image. Internal format is PF_BYTE_LA,512x256x1.
19:41:34: Texture: sdk_button_over.png: Loading 1 faces(PF_A8R8G8B8,128x32x1) with 5 generated mipmaps from Image. Internal format is PF_A8R8G8B8,128x32x1.
19:41:35: Texture: sdk_button_down.png: Loading 1 faces(PF_A8R8G8B8,128x32x1) with 5 generated mipmaps from Image. Internal format is PF_A8R8G8B8,128x32x1.
19:41:35: Leaving MenuState...
19:41:35: Entering GameState...
19:41:36: Creating resource group OgreBulletCollisions
19:41:37: Mesh: Loading Suelo.mesh.
19:41:37: Mesh: Loading Circuito.mesh.
19:41:37: Texture: arena.jpg: Loading 1 faces(PF_R8G8B8,1024x1024x1) with 5 generated mipmaps from Image. Internal format is PF_X8R8G8B8,1024x1024x1.
19:41:37: Mesh: Loading PreMeta.mesh.
19:41:37: Texture: panel_transparente.png: Loading 1 faces(PF_A8R8G8B8,512x512x1) with 5 generated mipmaps from Image. Internal format is PF_A8R8G8B8,512x512x1.
19:41:37: Mesh: Loading Meta.mesh.
19:41:37: Mesh: Loading Valla_Externa.mesh.
19:41:37: Mesh: Loading Valla_Interna.mesh.
19:41:37: chassis_RED.mesh
19:41:37: Mesh: Loading chassis_RED.mesh.
19:41:37: WARNING: chassis_RED.mesh is an older format ([MeshSerializer_v1.41]); you should upgrade it as soon as possible using the OgreMeshUpgrade tool.
19:41:37: Texture: CB_Skin_RED.png: Loading 1 faces(PF_A8R8G8B8,512x512x1) with 5 generated mipmaps from Image. Internal format is PF_A8R8G8B8,512x512x1.
19:41:37: Se ha cargado el coche
19:41:37: Mesh: Loading wheel.mesh.
19:41:37: WARNING: wheel.mesh is an older format ([MeshSerializer_v1.40]); you should upgrade it as soon as possible using the OgreMeshUpgrade tool.
19:41:37: Texture: Tire_tex.png: Loading 1 faces(PF_A8R8G8B8,256x256x1) with 5 generated mipmaps from Image. Internal format is PF_A8R8G8B8,256x256x1.
19:41:37: Texture: spot_shadow_fade.png: Loading 1 faces(PF_R8G8B8,128x128x1) with 5 generated mipmaps from Image. Internal format is PF_X8R8G8B8,128x128x1.
19:41:37: Font HighSpeed using texture size 1024x512
19:41:37: Texture: HighSpeedTexture: Loading 1 faces(PF_BYTE_LA,1024x512x1) with 0 generated mipmaps from Image. Internal format is PF_BYTE_LA,1024x512x1.
19:41:37: Font Computerfont using texture size 512x512
19:41:37: Info: Freetype returned null for character 160 in font Computerfont
19:41:37: Texture: ComputerfontTexture: Loading 1 faces(PF_BYTE_LA,512x512x1) with 0 generated mipmaps from Image. Internal format is PF_BYTE_LA,512x512x1.
19:41:45: Pausing GameState...
19:41:45: Entering PauseState...
19:41:47: Font SdkTrays/Value using texture size 512x256
19:41:47: Info: Freetype returned null for character 127 in font SdkTrays/Value
19:41:47: Info: Freetype returned null for character 128 in font SdkTrays/Value
19:41:47: Info: Freetype returned null for character 129 in font SdkTrays/Value
19:41:47: Info: Freetype returned null for character 130 in font SdkTrays/Value
19:41:47: Info: Freetype returned null for character 131 in font SdkTrays/Value
19:41:47: Info: Freetype returned null for character 132 in font SdkTrays/Value
19:41:47: Info: Freetype returned null for character 133 in font SdkTrays/Value
19:41:47: Info: Freetype returned null for character 134 in font SdkTrays/Value
19:41:47: Info: Freetype returned null for character 135 in font SdkTrays/Value
19:41:47: Info: Freetype returned null for character 136 in font SdkTrays/Value
19:41:47: Info: Freetype returned null for character 137 in font SdkTrays/Value
19:41:47: Info: Freetype returned null for character 138 in font SdkTrays/Value
19:41:47: Info: Freetype returned null for character 139 in font SdkTrays/Value
19:41:47: Info: Freetype returned null for character 140 in font SdkTrays/Value
19:41:47: Info: Freetype returned null for character 141 in font SdkTrays/Value
19:41:47: Info: Freetype returned null for character 142 in font SdkTrays/Value
19:41:47: Info: Freetype returned null for character 143 in font SdkTrays/Value
19:41:47: Info: Freetype returned null for character 144 in font SdkTrays/Value
19:41:47: Info: Freetype returned null for character 145 in font SdkTrays/Value
19:41:47: Info: Freetype returned null for character 146 in font SdkTrays/Value
19:41:47: Info: Freetype returned null for character 147 in font SdkTrays/Value
19:41:47: Info: Freetype returned null for character 148 in font SdkTrays/Value
19:41:47: Info: Freetype returned null for character 149 in font SdkTrays/Value
19:41:47: Info: Freetype returned null for character 150 in font SdkTrays/Value
19:41:47: Info: Freetype returned null for character 151 in font SdkTrays/Value
19:41:47: Info: Freetype returned null for character 152 in font SdkTrays/Value
19:41:47: Info: Freetype returned null for character 153 in font SdkTrays/Value
19:41:47: Info: Freetype returned null for character 154 in font SdkTrays/Value
19:41:47: Info: Freetype returned null for character 155 in font SdkTrays/Value
19:41:47: Info: Freetype returned null for character 156 in font SdkTrays/Value
19:41:47: Info: Freetype returned null for character 157 in font SdkTrays/Value
19:41:47: Info: Freetype returned null for character 158 in font SdkTrays/Value
19:41:47: Info: Freetype returned null for character 159 in font SdkTrays/Value
19:41:47: Info: Freetype returned null for character 160 in font SdkTrays/Value
19:41:47: Texture: SdkTrays/ValueTexture: Loading 1 faces(PF_BYTE_LA,512x256x1) with 0 generated mipmaps from Image. Internal format is PF_BYTE_LA,512x256x1.
19:41:47: Main loop quit
19:41:48: Leaving PauseState...
19:41:48: Leaving GameState...
19:41:48: Shutdown OGRE...
19:41:48: DefaultWorkQueue('Root') shutting down on thread 00992878.
19:41:48: DefaultWorkQueue('Root')::WorkerFunc - thread 05739398 stopped.
19:41:48: DefaultWorkQueue('Root')::WorkerFunc - thread 057391B8 stopped.
19:41:48: PCZone Factory Type 'ZoneType_Octree' unregistered
19:41:48: Unregistering ResourceManager for type BspLevel
19:41:48: *-*-* OGRE Shutdown
19:41:48: Unregistering ResourceManager for type Compositor
19:41:48: Unregistering ResourceManager for type Font
19:41:48: Unregistering ResourceManager for type Skeleton
19:41:48: Unregistering ResourceManager for type Mesh
19:41:48: Unregistering ResourceManager for type HighLevelGpuProgram
19:41:48: Uninstalling plugin: Octree Scene Manager
19:41:48: Plugin successfully uninstalled
19:41:48: Unloading library .\Plugin_OctreeSceneManager
19:41:48: Uninstalling plugin: Octree Zone Factory
19:41:48: Plugin successfully uninstalled
19:41:48: Unloading library .\Plugin_OctreeZone
19:41:48: Uninstalling plugin: Portal Connected Zone Scene Manager
19:41:48: Plugin successfully uninstalled
19:41:48: Unloading library .\Plugin_PCZSceneManager
19:41:48: Uninstalling plugin: Cg Program Manager
19:41:48: Plugin successfully uninstalled
19:41:48: Unloading library .\Plugin_CgProgramManager
19:41:48: Uninstalling plugin: BSP Scene Manager
19:41:48: Plugin successfully uninstalled
19:41:48: Unloading library .\Plugin_BSPSceneManager
19:41:48: Uninstalling plugin: ParticleFX
19:41:48: Plugin successfully uninstalled
19:41:48: Unloading library .\Plugin_ParticleFX
19:41:48: Uninstalling plugin: GL RenderSystem
19:41:48: Unregistering ResourceManager for type GpuProgram
19:41:48: *** Stopping Win32GL Subsystem ***
19:41:48: Unregistering ResourceManager for type Texture
19:41:48: Plugin successfully uninstalled
19:41:48: Unloading library .\RenderSystem_GL
19:41:48: Uninstalling plugin: D3D9 RenderSystem
19:41:48: D3D9 : Shutting down cleanly.
19:41:48: D3D9 : Direct3D9 Rendering Subsystem destroyed.
19:41:48: Plugin successfully uninstalled
19:41:48: Unloading library .\RenderSystem_Direct3D9
19:41:48: Unregistering ResourceManager for type Material
